0 info it worked if it ends with ok
1 verbose cli [ '/usr/bin/nodejs', '/usr/bin/npm', 'i', '-g', 'heroku-cli' ]
2 info using npm@2.15.11
3 info using node@v4.8.4
4 verbose install initial load of /usr/lib/package.json
5 verbose readDependencies loading dependencies from /usr/lib/package.json
6 silly cache add args [ 'heroku-cli', null ]
7 verbose cache add spec heroku-cli
8 silly cache add parsed spec Result {
8 silly cache add   raw: 'heroku-cli',
8 silly cache add   scope: null,
8 silly cache add   name: 'heroku-cli',
8 silly cache add   rawSpec: '',
8 silly cache add   spec: 'latest',
8 silly cache add   type: 'tag' }
9 silly addNamed heroku-cli@latest
10 verbose addNamed "latest" is being treated as a dist-tag for heroku-cli
11 info addNameTag [ 'heroku-cli', 'latest' ]
12 silly mapToRegistry name heroku-cli
13 silly mapToRegistry using default registry
14 silly mapToRegistry registry https://registry.npmjs.org/
15 silly mapToRegistry data Result {
15 silly mapToRegistry   raw: 'heroku-cli',
15 silly mapToRegistry   scope: null,
15 silly mapToRegistry   name: 'heroku-cli',
15 silly mapToRegistry   rawSpec: '',
15 silly mapToRegistry   spec: 'latest',
15 silly mapToRegistry   type: 'tag' }
16 silly mapToRegistry uri https://registry.npmjs.org/heroku-cli
17 verbose addNameTag registry:https://registry.npmjs.org/heroku-cli not in flight; fetching
18 verbose request uri https://registry.npmjs.org/heroku-cli
19 verbose request no auth needed
20 info attempt registry request try #1 at 8:23:34 PM
21 verbose request id c64161581b353ea4
22 http request GET https://registry.npmjs.org/heroku-cli
23 http 200 https://registry.npmjs.org/heroku-cli
24 verbose headers { server: 'nginx/1.10.3',
24 verbose headers   'content-type': 'application/json',
24 verbose headers   'last-modified': 'Tue, 17 Oct 2017 18:32:35 GMT',
24 verbose headers   etag: 'W/"59e64cc3-5eac0"',
24 verbose headers   'content-encoding': 'gzip',
24 verbose headers   'cache-control': 'max-age=300',
24 verbose headers   'content-length': '30462',
24 verbose headers   'accept-ranges': 'bytes',
24 verbose headers   date: 'Fri, 20 Oct 2017 13:23:35 GMT',
24 verbose headers   via: '1.1 varnish',
24 verbose headers   age: '0',
24 verbose headers   connection: 'keep-alive',
24 verbose headers   'x-served-by': 'cache-nrt6130-NRT',
24 verbose headers   'x-cache': 'MISS',
24 verbose headers   'x-cache-hits': '0',
24 verbose headers   'x-timer': 'S1508505815.781791,VS0,VE271',
24 verbose headers   vary: 'Accept-Encoding, Accept' }
25 silly get cb [ 200,
25 silly get   { server: 'nginx/1.10.3',
25 silly get     'content-type': 'application/json',
25 silly get     'last-modified': 'Tue, 17 Oct 2017 18:32:35 GMT',
25 silly get     etag: 'W/"59e64cc3-5eac0"',
25 silly get     'content-encoding': 'gzip',
25 silly get     'cache-control': 'max-age=300',
25 silly get     'content-length': '30462',
25 silly get     'accept-ranges': 'bytes',
25 silly get     date: 'Fri, 20 Oct 2017 13:23:35 GMT',
25 silly get     via: '1.1 varnish',
25 silly get     age: '0',
25 silly get     connection: 'keep-alive',
25 silly get     'x-served-by': 'cache-nrt6130-NRT',
25 silly get     'x-cache': 'MISS',
25 silly get     'x-cache-hits': '0',
25 silly get     'x-timer': 'S1508505815.781791,VS0,VE271',
25 silly get     vary: 'Accept-Encoding, Accept' } ]
26 verbose get saving heroku-cli to /home/student/.npm/registry.npmjs.org/heroku-cli/.cache.json
27 verbose correctMkdir /home/student/.npm correctMkdir not in flight; initializing
28 verbose makeDirectory /home/student/.npm creation not in flight; initializing
29 silly makeDirectory /home/student/.npm uid: 1001 gid: 1001
30 silly addNameTag next cb for heroku-cli with tag latest
31 verbose stack Error: No compatible version found: heroku-cli@'latest'
31 verbose stack Valid install targets:
31 verbose stack ["6.0.0","6.0.1","6.0.2","6.0.7","6.1.4","6.1.5","6.1.6","6.1.7","6.2.0","6.2.1","6.3.0","6.3.1","6.4.0","6.4.1","6.5.0","6.5.1","6.5.2","6.5.3","6.5.4","6.5.5","6.6.0","6.6.2","6.6.5","6.6.7","6.6.8","6.6.9","6.6.10","6.6.11","6.6.12","6.6.13","6.6.14","6.6.15","6.6.16","6.6.17","6.6.18","6.6.19","6.7.0","6.7.1","6.7.2","6.7.3","6.7.4","6.8.0","6.8.1","6.8.2","6.8.3","6.8.4","6.8.5","6.9.0","6.9.1","6.9.2","6.9.3","6.9.4","6.9.5","6.9.6","6.9.7","6.10.0","6.10.1","6.10.2"]
31 verbose stack
31 verbose stack     at installTargetsError (/usr/lib/node_modules/npm/lib/cache/add-named.js:284:12)
31 verbose stack     at next (/usr/lib/node_modules/npm/lib/cache/add-named.js:94:10)
31 verbose stack     at RES (/usr/lib/node_modules/npm/node_modules/inflight/inflight.js:23:14)
31 verbose stack     at f (/usr/lib/node_modules/npm/node_modules/once/once.js:25:25)
31 verbose stack     at fixName (/usr/lib/node_modules/npm/lib/cache/add-named.js:29:5)
31 verbose stack     at saved (/usr/lib/node_modules/npm/lib/cache/caching-client.js:173:7)
31 verbose stack     at /usr/lib/node_modules/npm/node_modules/graceful-fs/polyfills.js:233:18
31 verbose stack     at FSReqWrap.oncomplete (fs.js:82:15)
32 verbose cwd /home/student/Desktop/RubyProjects/blog
33 error Linux 4.10.0-37-generic
34 error argv "/usr/bin/nodejs" "/usr/bin/npm" "i" "-g" "heroku-cli"
35 error node v4.8.4
36 error npm  v2.15.11
37 error code ETARGET
38 error notarget No compatible version found: heroku-cli@'latest'
38 error notarget Valid install targets:
38 error notarget ["6.0.0","6.0.1","6.0.2","6.0.7","6.1.4","6.1.5","6.1.6","6.1.7","6.2.0","6.2.1","6.3.0","6.3.1","6.4.0","6.4.1","6.5.0","6.5.1","6.5.2","6.5.3","6.5.4","6.5.5","6.6.0","6.6.2","6.6.5","6.6.7","6.6.8","6.6.9","6.6.10","6.6.11","6.6.12","6.6.13","6.6.14","6.6.15","6.6.16","6.6.17","6.6.18","6.6.19","6.7.0","6.7.1","6.7.2","6.7.3","6.7.4","6.8.0","6.8.1","6.8.2","6.8.3","6.8.4","6.8.5","6.9.0","6.9.1","6.9.2","6.9.3","6.9.4","6.9.5","6.9.6","6.9.7","6.10.0","6.10.1","6.10.2"]
38 error notarget
38 error notarget This is most likely not a problem with npm itself.
38 error notarget In most cases you or one of your dependencies are requesting
38 error notarget a package version that doesn't exist.
39 verbose exit [ 1, true ]
